<?xml version="1.0" encoding="UTF-8" ?>
<testsuite failures="0" time="0.332" errors="7" skipped="0" tests="7" name="org.opennms.netmgt.config.SyslogdConfigFactoryTest">
  <properties>
    <property name="java.vendor" value="Sun Microsystems Inc."/>
    <property name="opennms.bin.dir" value="${install.bin.dir}"/>
    <property name="localRepository" value="/home/anonymous/.m2/repository"/>
    <property name="sun.java.launcher" value="SUN_STANDARD"/>
    <property name="sun.management.compiler" value="HotSpot Tiered Compilers"/>
    <property name="importer.adapter.dns.server" value="127.0.0.1"/>
    <property name="os.name" value="Linux"/>
    <property name="sun.boot.class.path" value="/usr/lib/jvm/java-6-openjdk-i386/jre/lib/resources.jar:/usr/lib/jvm/java-6-openjdk-i386/jre/lib/rt.jar:/usr/lib/jvm/java-6-openjdk-i386/jre/lib/sunrsasign.jar:/usr/lib/jvm/java-6-openjdk-i386/jre/lib/jsse.jar:/usr/lib/jvm/java-6-openjdk-i386/jre/lib/jce.jar:/usr/lib/jvm/java-6-openjdk-i386/jre/lib/charsets.jar:/usr/lib/jvm/java-6-openjdk-i386/jre/lib/netx.jar:/usr/lib/jvm/java-6-openjdk-i386/jre/lib/plugin.jar:/usr/lib/jvm/java-6-openjdk-i386/jre/lib/rhino.jar:/usr/lib/jvm/java-6-openjdk-i386/jre/lib/modules/jdk.boot.jar:/usr/lib/jvm/java-6-openjdk-i386/jre/classes"/>
    <property name="opennms.map-client.http-post.username" value="map"/>
    <property name="sun.desktop" value="gnome"/>
    <property name="org.opennms.rrd.storeByGroup" value="false"/>
    <property name="java.vm.specification.vendor" value="Sun Microsystems Inc."/>
    <property name="java.runtime.version" value="1.6.0_27-b27"/>
    <property name="org.opennms.snmp.workarounds.allow64BitIpAddress" value="true"/>
    <property name="gwt.geocoder.referer" value="http://localhost/"/>
    <property name="user.name" value="anonymous"/>
    <property name="mock.logLevel" value="WARN"/>
    <property name="gwt.openlayers.url" value="http://otile1.mqcdn.com/tiles/1.0.0/osm/${z}/${x}/${y}.png"/>
    <property name="gwt.geocoder.email" value=""/>
    <property name="mock.debug" value="false"/>
    <property name="org.snmp4j.smisyntaxes" value="opennms-snmp4j-smisyntaxes.properties"/>
    <property name="user.language" value="en"/>
    <property name="org.opennms.netmgt.icmp.pingerClass" value="org.opennms.netmgt.icmp.jna.JnaPinger"/>
    <property name="sun.boot.library.path" value="/usr/lib/jvm/java-6-openjdk-i386/jre/lib/i386"/>
    <property name="java.version" value="1.6.0_27"/>
    <property name="user.timezone" value="Asia/Kolkata"/>
    <property name="snmp4j.LogFactory" value="org.snmp4j.log.NoLogger"/>
    <property name="org.opennms.snmp.snmp4j.forwardRuntimeExceptions" value="false"/>
    <property name="sun.arch.data.model" value="32"/>
    <property name="java.endorsed.dirs" value="/usr/lib/jvm/java-6-openjdk-i386/jre/lib/endorsed"/>
    <property name="sun.cpu.isalist" value=""/>
    <property name="sun.jnu.encoding" value="UTF-8"/>
    <property name="file.encoding.pkg" value="sun.io"/>
    <property name="rrd.binary" value="/bin/true"/>
    <property name="file.separator" value="/"/>
    <property name="java.specification.name" value="Java Platform API Specification"/>
    <property name="java.class.version" value="50.0"/>
    <property name="user.country" value="IN"/>
    <property name="java.home" value="/usr/lib/jvm/java-6-openjdk-i386/jre"/>
    <property name="mock.db.driver" value="org.postgresql.Driver"/>
    <property name="smslib.serial.polling" value="true"/>
    <property name="java.vm.info" value="mixed mode"/>
    <property name="importer.requisition.dir" value="/home/anonymous/workspace/opennms-1.10.8-1/opennms-services/target/test/opennms-home/etc/imports"/>
    <property name="org.opennms.netmgt.jetty.port" value="8980"/>
    <property name="os.version" value="3.5.0-27-generic"/>
    <property name="mock.rundbtests" value="true"/>
    <property name="opennms.rtc-client.http-post.base-url" value="http://localhost:8980/opennms/rtc/post"/>
    <property name="opennms.ticketer.plugin" value="org.opennms.netmgt.ticketd.NullTicketerPlugin"/>
    <property name="path.separator" value=":"/>
    <property name="ksc.default.graphsPerLine" value="1"/>
    <property name="java.vm.version" value="20.0-b12"/>
    <property name="mock.db.url" value="jdbc:postgresql://localhost:5432/"/>
    <property name="gwt.maptype" value=""/>
    <property name="gwt.geocoder.rate" value="10"/>
    <property name="rrd.base.dir" value="/home/anonymous/workspace/opennms-1.10.8-1/opennms-services/target/test/opennms-home/share/rrd"/>
    <property name="install.rrdtool.bin" value="/usr/bin/rrdtool"/>
    <property name="java.awt.printerjob" value="sun.print.PSPrinterJob"/>
    <property name="opennms.webapplogs.dir" value="target/test/logs/webapp"/>
    <property name="sun.io.unicode.encoding" value="UnicodeLittle"/>
    <property name="opennms.rtc-client.http-post.password" value="rtc"/>
    <property name="user.home" value="/home/anonymous"/>
    <property name="opennms.rtc-client.http-post.username" value="rtc"/>
    <property name="opennms.report.dir" value="target/test/share/reports"/>
    <property name="java.specification.vendor" value="Sun Microsystems Inc."/>
    <property name="java.library.path" value="/usr/lib/jvm/java-6-openjdk-i386/jre/lib/i386/server:/usr/lib/jvm/java-6-openjdk-i386/jre/lib/i386:/usr/lib/jvm/java-6-openjdk-i386/jre/../lib/i386:/usr/java/packages/lib/i386:/usr/lib/i386-linux-gnu/jni:/lib/i386-linux-gnu:/usr/lib/i386-linux-gnu:/usr/lib/jni:/lib:/usr/lib"/>
    <property name="gwt.apikey" value=""/>
    <property name="java.vendor.url" value="http://java.sun.com/"/>
    <property name="java.vm.vendor" value="Sun Microsystems Inc."/>
    <property name="opennms.report.logo" value="${install.webapps.dir}/images/logo.gif"/>
    <property name="java.runtime.name" value="OpenJDK Runtime Environment"/>
    <property name="java.class.path" value="/tmp/surefirebooter7406500985539942661.jar"/>
    <property name="sun.java.command" value="/tmp/surefirebooter7406500985539942661.jar /tmp/surefire8463842045495154128tmp /tmp/surefire5131963075297586568tmp"/>
    <property name="opennms.report.template.dir" value="${install.dir}/etc"/>
    <property name="java.vm.specification.name" value="Java Virtual Machine Specification"/>
    <property name="java.vm.specification.version" value="1.0"/>
    <property name="sun.os.patch.level" value="unknown"/>
    <property name="sun.cpu.endian" value="little"/>
    <property name="java.awt.headless" value="true"/>
    <property name="opennms.eventlist.acknowledge" value="false"/>
    <property name="java.io.tmpdir" value="/tmp"/>
    <property name="opennms.nodesWithOutagesCount" value="12"/>
    <property name="mock.leaveDatabase" value="false"/>
    <property name="java.vendor.url.bug" value="http://java.sun.com/cgi-bin/bugreport.cgi"/>
    <property name="mock.runSnmpTests" value="false"/>
    <property name="java.awt.graphicsenv" value="sun.awt.X11GraphicsEnvironment"/>
    <property name="os.arch" value="i386"/>
    <property name="java.ext.dirs" value="/usr/lib/jvm/java-6-openjdk-i386/jre/lib/ext:/usr/java/packages/lib/ext"/>
    <property name="user.dir" value="/home/anonymous/workspace/opennms-1.10.8-1/opennms-services"/>
    <property name="line.separator" value="
"/>
    <property name="opennms.home" value="/home/anonymous/workspace/opennms-1.10.8-1/opennms-services/src/test/resources"/>
    <property name="java.vm.name" value="OpenJDK Server VM"/>
    <property name="basedir" value="/home/anonymous/workspace/opennms-1.10.8-1/opennms-services"/>
    <property name="distributed.layoutApplicationsVertically" value="false"/>
    <property name="runMailTests" value="true"/>
    <property name="gwt.geocoder.class" value="org.opennms.features.poller.remote.gwt.server.geocoding.NullGeocoder"/>
    <property name="file.encoding" value="UTF-8"/>
    <property name="opennms.map-client.http-post.password" value="map"/>
    <property name="importer.foreign-source.dir" value="/home/anonymous/workspace/opennms-1.10.8-1/opennms-services/target/test/opennms-home/etc/foreign-sources"/>
    <property name="mock.leaveDatabaseOnFailure" value="false"/>
    <property name="gwt.geocoder.minimumQuality" value="ZIP"/>
    <property name="gnu.io.SerialPorts" value="/dev/ttyACM0:/dev/ttyACM1:/dev/ttyACM2:/dev/ttyACM3:/dev/ttyACM4:/dev/ttyACM5"/>
    <property name="mock.snmpHost" value="localhost"/>
    <property name="org.opennms.jasperReportsVersion" value="3.7.6"/>
    <property name="java.specification.version" value="1.6"/>
    <property name="opennms.eventlist.showCount" value="false"/>
    <property name="mock.db.adminUser" value="postgres"/>
    <property name="opennms.map-client.http-post.url" value="http://localhost:8980/opennms/map/post"/>
  </properties>
  <testcase time="0.155" classname="org.opennms.netmgt.config.SyslogdConfigFactoryTest" name="testSetUp">
    <error message="FATAL: password authentication failed for user &quot;postgres&quot;" type="org.postgresql.util.PSQLException">org.postgresql.util.PSQLException: FATAL: password authentication failed for user &quot;postgres&quot;
	at org.postgresql.core.v3.ConnectionFactoryImpl.doAuthentication(ConnectionFactoryImpl.java:291)
	at org.postgresql.core.v3.ConnectionFactoryImpl.openConnectionImpl(ConnectionFactoryImpl.java:108)
	at org.postgresql.core.ConnectionFactory.openConnection(ConnectionFactory.java:66)
	at org.postgresql.jdbc2.AbstractJdbc2Connection.&lt;init&gt;(AbstractJdbc2Connection.java:125)
	at org.postgresql.jdbc3.AbstractJdbc3Connection.&lt;init&gt;(AbstractJdbc3Connection.java:30)
	at org.postgresql.jdbc3.Jdbc3Connection.&lt;init&gt;(Jdbc3Connection.java:24)
	at org.postgresql.Driver.makeConnection(Driver.java:393)
	at org.postgresql.Driver.connect(Driver.java:267)
	at java.sql.DriverManager.getConnection(DriverManager.java:620)
	at java.sql.DriverManager.getConnection(DriverManager.java:169)
	at org.opennms.netmgt.dao.db.SimpleDataSource.getConnection(SimpleDataSource.java:90)
	at org.opennms.netmgt.dao.db.TemporaryDatabase.createTestDatabase(TemporaryDatabase.java:289)
	at org.opennms.netmgt.dao.db.TemporaryDatabase.setupDatabase(TemporaryDatabase.java:277)
	at org.opennms.netmgt.dao.db.TemporaryDatabase.create(TemporaryDatabase.java:133)
	at org.opennms.netmgt.mock.MockDatabase.&lt;init&gt;(MockDatabase.java:76)
	at org.opennms.netmgt.mock.MockDatabase.&lt;init&gt;(MockDatabase.java:61)
	at org.opennms.netmgt.config.SyslogdConfigFactoryTest.setUp(SyslogdConfigFactoryTest.java:57)
	at sun.reflect.NativeMethodAccessorImpl.invoke0(Native Method)
	at sun.reflect.NativeMethodAccessorImpl.invoke(NativeMethodAccessorImpl.java:57)
	at sun.reflect.DelegatingMethodAccessorImpl.invoke(DelegatingMethodAccessorImpl.java:43)
	at java.lang.reflect.Method.invoke(Method.java:616)
	at org.junit.runners.model.FrameworkMethod$1.runReflectiveCall(FrameworkMethod.java:44)
	at org.junit.internal.runners.model.ReflectiveCallable.run(ReflectiveCallable.java:15)
	at org.junit.runners.model.FrameworkMethod.invokeExplosively(FrameworkMethod.java:41)
	at org.junit.internal.runners.statements.RunBefores.evaluate(RunBefores.java:27)
	at org.junit.runners.BlockJUnit4ClassRunner.runNotIgnored(BlockJUnit4ClassRunner.java:79)
	at org.junit.runners.BlockJUnit4ClassRunner.runChild(BlockJUnit4ClassRunner.java:71)
	at org.junit.runners.BlockJUnit4ClassRunner.runChild(BlockJUnit4ClassRunner.java:49)
	at org.junit.runners.ParentRunner$3.run(ParentRunner.java:193)
	at org.junit.runners.ParentRunner$1.schedule(ParentRunner.java:52)
	at org.junit.runners.ParentRunner.runChildren(ParentRunner.java:191)
	at org.junit.runners.ParentRunner.access$000(ParentRunner.java:42)
	at org.junit.runners.ParentRunner$2.evaluate(ParentRunner.java:184)
	at org.junit.runners.ParentRunner.run(ParentRunner.java:236)
	at org.apache.maven.surefire.junit4.JUnit4TestSet.execute(JUnit4TestSet.java:59)
	at org.apache.maven.surefire.suite.AbstractDirectoryTestSuite.executeTestSet(AbstractDirectoryTestSuite.java:115)
	at org.apache.maven.surefire.suite.AbstractDirectoryTestSuite.execute(AbstractDirectoryTestSuite.java:140)
	at org.apache.maven.surefire.Surefire.run(Surefire.java:109)
	at sun.reflect.NativeMethodAccessorImpl.invoke0(Native Method)
	at sun.reflect.NativeMethodAccessorImpl.invoke(NativeMethodAccessorImpl.java:57)
	at sun.reflect.DelegatingMethodAccessorImpl.invoke(DelegatingMethodAccessorImpl.java:43)
	at java.lang.reflect.Method.invoke(Method.java:616)
	at org.apache.maven.surefire.booter.SurefireBooter.runSuitesInProcess(SurefireBooter.java:290)
	at org.apache.maven.surefire.booter.SurefireBooter.main(SurefireBooter.java:1017)
</error>
  </testcase>
  <testcase time="0.004" classname="org.opennms.netmgt.config.SyslogdConfigFactoryTest" name="testMyHostNameGrouping">
    <error message="FATAL: password authentication failed for user &quot;postgres&quot;" type="org.postgresql.util.PSQLException">org.postgresql.util.PSQLException: FATAL: password authentication failed for user &quot;postgres&quot;
	at org.postgresql.core.v3.ConnectionFactoryImpl.doAuthentication(ConnectionFactoryImpl.java:291)
	at org.postgresql.core.v3.ConnectionFactoryImpl.openConnectionImpl(ConnectionFactoryImpl.java:108)
	at org.postgresql.core.ConnectionFactory.openConnection(ConnectionFactory.java:66)
	at org.postgresql.jdbc2.AbstractJdbc2Connection.&lt;init&gt;(AbstractJdbc2Connection.java:125)
	at org.postgresql.jdbc3.AbstractJdbc3Connection.&lt;init&gt;(AbstractJdbc3Connection.java:30)
	at org.postgresql.jdbc3.Jdbc3Connection.&lt;init&gt;(Jdbc3Connection.java:24)
	at org.postgresql.Driver.makeConnection(Driver.java:393)
	at org.postgresql.Driver.connect(Driver.java:267)
	at java.sql.DriverManager.getConnection(DriverManager.java:620)
	at java.sql.DriverManager.getConnection(DriverManager.java:169)
	at org.opennms.netmgt.dao.db.SimpleDataSource.getConnection(SimpleDataSource.java:90)
	at org.opennms.netmgt.dao.db.TemporaryDatabase.createTestDatabase(TemporaryDatabase.java:289)
	at org.opennms.netmgt.dao.db.TemporaryDatabase.setupDatabase(TemporaryDatabase.java:277)
	at org.opennms.netmgt.dao.db.TemporaryDatabase.create(TemporaryDatabase.java:133)
	at org.opennms.netmgt.mock.MockDatabase.&lt;init&gt;(MockDatabase.java:76)
	at org.opennms.netmgt.mock.MockDatabase.&lt;init&gt;(MockDatabase.java:61)
	at org.opennms.netmgt.config.SyslogdConfigFactoryTest.setUp(SyslogdConfigFactoryTest.java:57)
	at sun.reflect.NativeMethodAccessorImpl.invoke0(Native Method)
	at sun.reflect.NativeMethodAccessorImpl.invoke(NativeMethodAccessorImpl.java:57)
	at sun.reflect.DelegatingMethodAccessorImpl.invoke(DelegatingMethodAccessorImpl.java:43)
	at java.lang.reflect.Method.invoke(Method.java:616)
	at org.junit.runners.model.FrameworkMethod$1.runReflectiveCall(FrameworkMethod.java:44)
	at org.junit.internal.runners.model.ReflectiveCallable.run(ReflectiveCallable.java:15)
	at org.junit.runners.model.FrameworkMethod.invokeExplosively(FrameworkMethod.java:41)
	at org.junit.internal.runners.statements.RunBefores.evaluate(RunBefores.java:27)
	at org.junit.runners.BlockJUnit4ClassRunner.runNotIgnored(BlockJUnit4ClassRunner.java:79)
	at org.junit.runners.BlockJUnit4ClassRunner.runChild(BlockJUnit4ClassRunner.java:71)
	at org.junit.runners.BlockJUnit4ClassRunner.runChild(BlockJUnit4ClassRunner.java:49)
	at org.junit.runners.ParentRunner$3.run(ParentRunner.java:193)
	at org.junit.runners.ParentRunner$1.schedule(ParentRunner.java:52)
	at org.junit.runners.ParentRunner.runChildren(ParentRunner.java:191)
	at org.junit.runners.ParentRunner.access$000(ParentRunner.java:42)
	at org.junit.runners.ParentRunner$2.evaluate(ParentRunner.java:184)
	at org.junit.runners.ParentRunner.run(ParentRunner.java:236)
	at org.apache.maven.surefire.junit4.JUnit4TestSet.execute(JUnit4TestSet.java:59)
	at org.apache.maven.surefire.suite.AbstractDirectoryTestSuite.executeTestSet(AbstractDirectoryTestSuite.java:115)
	at org.apache.maven.surefire.suite.AbstractDirectoryTestSuite.execute(AbstractDirectoryTestSuite.java:140)
	at org.apache.maven.surefire.Surefire.run(Surefire.java:109)
	at sun.reflect.NativeMethodAccessorImpl.invoke0(Native Method)
	at sun.reflect.NativeMethodAccessorImpl.invoke(NativeMethodAccessorImpl.java:57)
	at sun.reflect.DelegatingMethodAccessorImpl.invoke(DelegatingMethodAccessorImpl.java:43)
	at java.lang.reflect.Method.invoke(Method.java:616)
	at org.apache.maven.surefire.booter.SurefireBooter.runSuitesInProcess(SurefireBooter.java:290)
	at org.apache.maven.surefire.booter.SurefireBooter.main(SurefireBooter.java:1017)
</error>
  </testcase>
  <testcase time="0.004" classname="org.opennms.netmgt.config.SyslogdConfigFactoryTest" name="testMyMessageGroup">
    <error message="FATAL: password authentication failed for user &quot;postgres&quot;" type="org.postgresql.util.PSQLException">org.postgresql.util.PSQLException: FATAL: password authentication failed for user &quot;postgres&quot;
	at org.postgresql.core.v3.ConnectionFactoryImpl.doAuthentication(ConnectionFactoryImpl.java:291)
	at org.postgresql.core.v3.ConnectionFactoryImpl.openConnectionImpl(ConnectionFactoryImpl.java:108)
	at org.postgresql.core.ConnectionFactory.openConnection(ConnectionFactory.java:66)
	at org.postgresql.jdbc2.AbstractJdbc2Connection.&lt;init&gt;(AbstractJdbc2Connection.java:125)
	at org.postgresql.jdbc3.AbstractJdbc3Connection.&lt;init&gt;(AbstractJdbc3Connection.java:30)
	at org.postgresql.jdbc3.Jdbc3Connection.&lt;init&gt;(Jdbc3Connection.java:24)
	at org.postgresql.Driver.makeConnection(Driver.java:393)
	at org.postgresql.Driver.connect(Driver.java:267)
	at java.sql.DriverManager.getConnection(DriverManager.java:620)
	at java.sql.DriverManager.getConnection(DriverManager.java:169)
	at org.opennms.netmgt.dao.db.SimpleDataSource.getConnection(SimpleDataSource.java:90)
	at org.opennms.netmgt.dao.db.TemporaryDatabase.createTestDatabase(TemporaryDatabase.java:289)
	at org.opennms.netmgt.dao.db.TemporaryDatabase.setupDatabase(TemporaryDatabase.java:277)
	at org.opennms.netmgt.dao.db.TemporaryDatabase.create(TemporaryDatabase.java:133)
	at org.opennms.netmgt.mock.MockDatabase.&lt;init&gt;(MockDatabase.java:76)
	at org.opennms.netmgt.mock.MockDatabase.&lt;init&gt;(MockDatabase.java:61)
	at org.opennms.netmgt.config.SyslogdConfigFactoryTest.setUp(SyslogdConfigFactoryTest.java:57)
	at sun.reflect.NativeMethodAccessorImpl.invoke0(Native Method)
	at sun.reflect.NativeMethodAccessorImpl.invoke(NativeMethodAccessorImpl.java:57)
	at sun.reflect.DelegatingMethodAccessorImpl.invoke(DelegatingMethodAccessorImpl.java:43)
	at java.lang.reflect.Method.invoke(Method.java:616)
	at org.junit.runners.model.FrameworkMethod$1.runReflectiveCall(FrameworkMethod.java:44)
	at org.junit.internal.runners.model.ReflectiveCallable.run(ReflectiveCallable.java:15)
	at org.junit.runners.model.FrameworkMethod.invokeExplosively(FrameworkMethod.java:41)
	at org.junit.internal.runners.statements.RunBefores.evaluate(RunBefores.java:27)
	at org.junit.runners.BlockJUnit4ClassRunner.runNotIgnored(BlockJUnit4ClassRunner.java:79)
	at org.junit.runners.BlockJUnit4ClassRunner.runChild(BlockJUnit4ClassRunner.java:71)
	at org.junit.runners.BlockJUnit4ClassRunner.runChild(BlockJUnit4ClassRunner.java:49)
	at org.junit.runners.ParentRunner$3.run(ParentRunner.java:193)
	at org.junit.runners.ParentRunner$1.schedule(ParentRunner.java:52)
	at org.junit.runners.ParentRunner.runChildren(ParentRunner.java:191)
	at org.junit.runners.ParentRunner.access$000(ParentRunner.java:42)
	at org.junit.runners.ParentRunner$2.evaluate(ParentRunner.java:184)
	at org.junit.runners.ParentRunner.run(ParentRunner.java:236)
	at org.apache.maven.surefire.junit4.JUnit4TestSet.execute(JUnit4TestSet.java:59)
	at org.apache.maven.surefire.suite.AbstractDirectoryTestSuite.executeTestSet(AbstractDirectoryTestSuite.java:115)
	at org.apache.maven.surefire.suite.AbstractDirectoryTestSuite.execute(AbstractDirectoryTestSuite.java:140)
	at org.apache.maven.surefire.Surefire.run(Surefire.java:109)
	at sun.reflect.NativeMethodAccessorImpl.invoke0(Native Method)
	at sun.reflect.NativeMethodAccessorImpl.invoke(NativeMethodAccessorImpl.java:57)
	at sun.reflect.DelegatingMethodAccessorImpl.invoke(DelegatingMethodAccessorImpl.java:43)
	at java.lang.reflect.Method.invoke(Method.java:616)
	at org.apache.maven.surefire.booter.SurefireBooter.runSuitesInProcess(SurefireBooter.java:290)
	at org.apache.maven.surefire.booter.SurefireBooter.main(SurefireBooter.java:1017)
</error>
  </testcase>
  <testcase time="0.005" classname="org.opennms.netmgt.config.SyslogdConfigFactoryTest" name="testPattern">
    <error message="FATAL: password authentication failed for user &quot;postgres&quot;" type="org.postgresql.util.PSQLException">org.postgresql.util.PSQLException: FATAL: password authentication failed for user &quot;postgres&quot;
	at org.postgresql.core.v3.ConnectionFactoryImpl.doAuthentication(ConnectionFactoryImpl.java:291)
	at org.postgresql.core.v3.ConnectionFactoryImpl.openConnectionImpl(ConnectionFactoryImpl.java:108)
	at org.postgresql.core.ConnectionFactory.openConnection(ConnectionFactory.java:66)
	at org.postgresql.jdbc2.AbstractJdbc2Connection.&lt;init&gt;(AbstractJdbc2Connection.java:125)
	at org.postgresql.jdbc3.AbstractJdbc3Connection.&lt;init&gt;(AbstractJdbc3Connection.java:30)
	at org.postgresql.jdbc3.Jdbc3Connection.&lt;init&gt;(Jdbc3Connection.java:24)
	at org.postgresql.Driver.makeConnection(Driver.java:393)
	at org.postgresql.Driver.connect(Driver.java:267)
	at java.sql.DriverManager.getConnection(DriverManager.java:620)
	at java.sql.DriverManager.getConnection(DriverManager.java:169)
	at org.opennms.netmgt.dao.db.SimpleDataSource.getConnection(SimpleDataSource.java:90)
	at org.opennms.netmgt.dao.db.TemporaryDatabase.createTestDatabase(TemporaryDatabase.java:289)
	at org.opennms.netmgt.dao.db.TemporaryDatabase.setupDatabase(TemporaryDatabase.java:277)
	at org.opennms.netmgt.dao.db.TemporaryDatabase.create(TemporaryDatabase.java:133)
	at org.opennms.netmgt.mock.MockDatabase.&lt;init&gt;(MockDatabase.java:76)
	at org.opennms.netmgt.mock.MockDatabase.&lt;init&gt;(MockDatabase.java:61)
	at org.opennms.netmgt.config.SyslogdConfigFactoryTest.setUp(SyslogdConfigFactoryTest.java:57)
	at sun.reflect.NativeMethodAccessorImpl.invoke0(Native Method)
	at sun.reflect.NativeMethodAccessorImpl.invoke(NativeMethodAccessorImpl.java:57)
	at sun.reflect.DelegatingMethodAccessorImpl.invoke(DelegatingMethodAccessorImpl.java:43)
	at java.lang.reflect.Method.invoke(Method.java:616)
	at org.junit.runners.model.FrameworkMethod$1.runReflectiveCall(FrameworkMethod.java:44)
	at org.junit.internal.runners.model.ReflectiveCallable.run(ReflectiveCallable.java:15)
	at org.junit.runners.model.FrameworkMethod.invokeExplosively(FrameworkMethod.java:41)
	at org.junit.internal.runners.statements.RunBefores.evaluate(RunBefores.java:27)
	at org.junit.runners.BlockJUnit4ClassRunner.runNotIgnored(BlockJUnit4ClassRunner.java:79)
	at org.junit.runners.BlockJUnit4ClassRunner.runChild(BlockJUnit4ClassRunner.java:71)
	at org.junit.runners.BlockJUnit4ClassRunner.runChild(BlockJUnit4ClassRunner.java:49)
	at org.junit.runners.ParentRunner$3.run(ParentRunner.java:193)
	at org.junit.runners.ParentRunner$1.schedule(ParentRunner.java:52)
	at org.junit.runners.ParentRunner.runChildren(ParentRunner.java:191)
	at org.junit.runners.ParentRunner.access$000(ParentRunner.java:42)
	at org.junit.runners.ParentRunner$2.evaluate(ParentRunner.java:184)
	at org.junit.runners.ParentRunner.run(ParentRunner.java:236)
	at org.apache.maven.surefire.junit4.JUnit4TestSet.execute(JUnit4TestSet.java:59)
	at org.apache.maven.surefire.suite.AbstractDirectoryTestSuite.executeTestSet(AbstractDirectoryTestSuite.java:115)
	at org.apache.maven.surefire.suite.AbstractDirectoryTestSuite.execute(AbstractDirectoryTestSuite.java:140)
	at org.apache.maven.surefire.Surefire.run(Surefire.java:109)
	at sun.reflect.NativeMethodAccessorImpl.invoke0(Native Method)
	at sun.reflect.NativeMethodAccessorImpl.invoke(NativeMethodAccessorImpl.java:57)
	at sun.reflect.DelegatingMethodAccessorImpl.invoke(DelegatingMethodAccessorImpl.java:43)
	at java.lang.reflect.Method.invoke(Method.java:616)
	at org.apache.maven.surefire.booter.SurefireBooter.runSuitesInProcess(SurefireBooter.java:290)
	at org.apache.maven.surefire.booter.SurefireBooter.main(SurefireBooter.java:1017)
</error>
  </testcase>
  <testcase time="0.005" classname="org.opennms.netmgt.config.SyslogdConfigFactoryTest" name="testUEI">
    <error message="FATAL: password authentication failed for user &quot;postgres&quot;" type="org.postgresql.util.PSQLException">org.postgresql.util.PSQLException: FATAL: password authentication failed for user &quot;postgres&quot;
	at org.postgresql.core.v3.ConnectionFactoryImpl.doAuthentication(ConnectionFactoryImpl.java:291)
	at org.postgresql.core.v3.ConnectionFactoryImpl.openConnectionImpl(ConnectionFactoryImpl.java:108)
	at org.postgresql.core.ConnectionFactory.openConnection(ConnectionFactory.java:66)
	at org.postgresql.jdbc2.AbstractJdbc2Connection.&lt;init&gt;(AbstractJdbc2Connection.java:125)
	at org.postgresql.jdbc3.AbstractJdbc3Connection.&lt;init&gt;(AbstractJdbc3Connection.java:30)
	at org.postgresql.jdbc3.Jdbc3Connection.&lt;init&gt;(Jdbc3Connection.java:24)
	at org.postgresql.Driver.makeConnection(Driver.java:393)
	at org.postgresql.Driver.connect(Driver.java:267)
	at java.sql.DriverManager.getConnection(DriverManager.java:620)
	at java.sql.DriverManager.getConnection(DriverManager.java:169)
	at org.opennms.netmgt.dao.db.SimpleDataSource.getConnection(SimpleDataSource.java:90)
	at org.opennms.netmgt.dao.db.TemporaryDatabase.createTestDatabase(TemporaryDatabase.java:289)
	at org.opennms.netmgt.dao.db.TemporaryDatabase.setupDatabase(TemporaryDatabase.java:277)
	at org.opennms.netmgt.dao.db.TemporaryDatabase.create(TemporaryDatabase.java:133)
	at org.opennms.netmgt.mock.MockDatabase.&lt;init&gt;(MockDatabase.java:76)
	at org.opennms.netmgt.mock.MockDatabase.&lt;init&gt;(MockDatabase.java:61)
	at org.opennms.netmgt.config.SyslogdConfigFactoryTest.setUp(SyslogdConfigFactoryTest.java:57)
	at sun.reflect.NativeMethodAccessorImpl.invoke0(Native Method)
	at sun.reflect.NativeMethodAccessorImpl.invoke(NativeMethodAccessorImpl.java:57)
	at sun.reflect.DelegatingMethodAccessorImpl.invoke(DelegatingMethodAccessorImpl.java:43)
	at java.lang.reflect.Method.invoke(Method.java:616)
	at org.junit.runners.model.FrameworkMethod$1.runReflectiveCall(FrameworkMethod.java:44)
	at org.junit.internal.runners.model.ReflectiveCallable.run(ReflectiveCallable.java:15)
	at org.junit.runners.model.FrameworkMethod.invokeExplosively(FrameworkMethod.java:41)
	at org.junit.internal.runners.statements.RunBefores.evaluate(RunBefores.java:27)
	at org.junit.runners.BlockJUnit4ClassRunner.runNotIgnored(BlockJUnit4ClassRunner.java:79)
	at org.junit.runners.BlockJUnit4ClassRunner.runChild(BlockJUnit4ClassRunner.java:71)
	at org.junit.runners.BlockJUnit4ClassRunner.runChild(BlockJUnit4ClassRunner.java:49)
	at org.junit.runners.ParentRunner$3.run(ParentRunner.java:193)
	at org.junit.runners.ParentRunner$1.schedule(ParentRunner.java:52)
	at org.junit.runners.ParentRunner.runChildren(ParentRunner.java:191)
	at org.junit.runners.ParentRunner.access$000(ParentRunner.java:42)
	at org.junit.runners.ParentRunner$2.evaluate(ParentRunner.java:184)
	at org.junit.runners.ParentRunner.run(ParentRunner.java:236)
	at org.apache.maven.surefire.junit4.JUnit4TestSet.execute(JUnit4TestSet.java:59)
	at org.apache.maven.surefire.suite.AbstractDirectoryTestSuite.executeTestSet(AbstractDirectoryTestSuite.java:115)
	at org.apache.maven.surefire.suite.AbstractDirectoryTestSuite.execute(AbstractDirectoryTestSuite.java:140)
	at org.apache.maven.surefire.Surefire.run(Surefire.java:109)
	at sun.reflect.NativeMethodAccessorImpl.invoke0(Native Method)
	at sun.reflect.NativeMethodAccessorImpl.invoke(NativeMethodAccessorImpl.java:57)
	at sun.reflect.DelegatingMethodAccessorImpl.invoke(DelegatingMethodAccessorImpl.java:43)
	at java.lang.reflect.Method.invoke(Method.java:616)
	at org.apache.maven.surefire.booter.SurefireBooter.runSuitesInProcess(SurefireBooter.java:290)
	at org.apache.maven.surefire.booter.SurefireBooter.main(SurefireBooter.java:1017)
</error>
  </testcase>
  <testcase time="0.004" classname="org.opennms.netmgt.config.SyslogdConfigFactoryTest" name="testHideTheseMessages">
    <error message="FATAL: password authentication failed for user &quot;postgres&quot;" type="org.postgresql.util.PSQLException">org.postgresql.util.PSQLException: FATAL: password authentication failed for user &quot;postgres&quot;
	at org.postgresql.core.v3.ConnectionFactoryImpl.doAuthentication(ConnectionFactoryImpl.java:291)
	at org.postgresql.core.v3.ConnectionFactoryImpl.openConnectionImpl(ConnectionFactoryImpl.java:108)
	at org.postgresql.core.ConnectionFactory.openConnection(ConnectionFactory.java:66)
	at org.postgresql.jdbc2.AbstractJdbc2Connection.&lt;init&gt;(AbstractJdbc2Connection.java:125)
	at org.postgresql.jdbc3.AbstractJdbc3Connection.&lt;init&gt;(AbstractJdbc3Connection.java:30)
	at org.postgresql.jdbc3.Jdbc3Connection.&lt;init&gt;(Jdbc3Connection.java:24)
	at org.postgresql.Driver.makeConnection(Driver.java:393)
	at org.postgresql.Driver.connect(Driver.java:267)
	at java.sql.DriverManager.getConnection(DriverManager.java:620)
	at java.sql.DriverManager.getConnection(DriverManager.java:169)
	at org.opennms.netmgt.dao.db.SimpleDataSource.getConnection(SimpleDataSource.java:90)
	at org.opennms.netmgt.dao.db.TemporaryDatabase.createTestDatabase(TemporaryDatabase.java:289)
	at org.opennms.netmgt.dao.db.TemporaryDatabase.setupDatabase(TemporaryDatabase.java:277)
	at org.opennms.netmgt.dao.db.TemporaryDatabase.create(TemporaryDatabase.java:133)
	at org.opennms.netmgt.mock.MockDatabase.&lt;init&gt;(MockDatabase.java:76)
	at org.opennms.netmgt.mock.MockDatabase.&lt;init&gt;(MockDatabase.java:61)
	at org.opennms.netmgt.config.SyslogdConfigFactoryTest.setUp(SyslogdConfigFactoryTest.java:57)
	at sun.reflect.NativeMethodAccessorImpl.invoke0(Native Method)
	at sun.reflect.NativeMethodAccessorImpl.invoke(NativeMethodAccessorImpl.java:57)
	at sun.reflect.DelegatingMethodAccessorImpl.invoke(DelegatingMethodAccessorImpl.java:43)
	at java.lang.reflect.Method.invoke(Method.java:616)
	at org.junit.runners.model.FrameworkMethod$1.runReflectiveCall(FrameworkMethod.java:44)
	at org.junit.internal.runners.model.ReflectiveCallable.run(ReflectiveCallable.java:15)
	at org.junit.runners.model.FrameworkMethod.invokeExplosively(FrameworkMethod.java:41)
	at org.junit.internal.runners.statements.RunBefores.evaluate(RunBefores.java:27)
	at org.junit.runners.BlockJUnit4ClassRunner.runNotIgnored(BlockJUnit4ClassRunner.java:79)
	at org.junit.runners.BlockJUnit4ClassRunner.runChild(BlockJUnit4ClassRunner.java:71)
	at org.junit.runners.BlockJUnit4ClassRunner.runChild(BlockJUnit4ClassRunner.java:49)
	at org.junit.runners.ParentRunner$3.run(ParentRunner.java:193)
	at org.junit.runners.ParentRunner$1.schedule(ParentRunner.java:52)
	at org.junit.runners.ParentRunner.runChildren(ParentRunner.java:191)
	at org.junit.runners.ParentRunner.access$000(ParentRunner.java:42)
	at org.junit.runners.ParentRunner$2.evaluate(ParentRunner.java:184)
	at org.junit.runners.ParentRunner.run(ParentRunner.java:236)
	at org.apache.maven.surefire.junit4.JUnit4TestSet.execute(JUnit4TestSet.java:59)
	at org.apache.maven.surefire.suite.AbstractDirectoryTestSuite.executeTestSet(AbstractDirectoryTestSuite.java:115)
	at org.apache.maven.surefire.suite.AbstractDirectoryTestSuite.execute(AbstractDirectoryTestSuite.java:140)
	at org.apache.maven.surefire.Surefire.run(Surefire.java:109)
	at sun.reflect.NativeMethodAccessorImpl.invoke0(Native Method)
	at sun.reflect.NativeMethodAccessorImpl.invoke(NativeMethodAccessorImpl.java:57)
	at sun.reflect.DelegatingMethodAccessorImpl.invoke(DelegatingMethodAccessorImpl.java:43)
	at java.lang.reflect.Method.invoke(Method.java:616)
	at org.apache.maven.surefire.booter.SurefireBooter.runSuitesInProcess(SurefireBooter.java:290)
	at org.apache.maven.surefire.booter.SurefireBooter.main(SurefireBooter.java:1017)
</error>
  </testcase>
  <testcase time="0.012" classname="org.opennms.netmgt.config.SyslogdConfigFactoryTest" name="testImportFiles">
    <error message="FATAL: password authentication failed for user &quot;postgres&quot;" type="org.postgresql.util.PSQLException">org.postgresql.util.PSQLException: FATAL: password authentication failed for user &quot;postgres&quot;
	at org.postgresql.core.v3.ConnectionFactoryImpl.doAuthentication(ConnectionFactoryImpl.java:291)
	at org.postgresql.core.v3.ConnectionFactoryImpl.openConnectionImpl(ConnectionFactoryImpl.java:108)
	at org.postgresql.core.ConnectionFactory.openConnection(ConnectionFactory.java:66)
	at org.postgresql.jdbc2.AbstractJdbc2Connection.&lt;init&gt;(AbstractJdbc2Connection.java:125)
	at org.postgresql.jdbc3.AbstractJdbc3Connection.&lt;init&gt;(AbstractJdbc3Connection.java:30)
	at org.postgresql.jdbc3.Jdbc3Connection.&lt;init&gt;(Jdbc3Connection.java:24)
	at org.postgresql.Driver.makeConnection(Driver.java:393)
	at org.postgresql.Driver.connect(Driver.java:267)
	at java.sql.DriverManager.getConnection(DriverManager.java:620)
	at java.sql.DriverManager.getConnection(DriverManager.java:169)
	at org.opennms.netmgt.dao.db.SimpleDataSource.getConnection(SimpleDataSource.java:90)
	at org.opennms.netmgt.dao.db.TemporaryDatabase.createTestDatabase(TemporaryDatabase.java:289)
	at org.opennms.netmgt.dao.db.TemporaryDatabase.setupDatabase(TemporaryDatabase.java:277)
	at org.opennms.netmgt.dao.db.TemporaryDatabase.create(TemporaryDatabase.java:133)
	at org.opennms.netmgt.mock.MockDatabase.&lt;init&gt;(MockDatabase.java:76)
	at org.opennms.netmgt.mock.MockDatabase.&lt;init&gt;(MockDatabase.java:61)
	at org.opennms.netmgt.config.SyslogdConfigFactoryTest.setUp(SyslogdConfigFactoryTest.java:57)
	at sun.reflect.NativeMethodAccessorImpl.invoke0(Native Method)
	at sun.reflect.NativeMethodAccessorImpl.invoke(NativeMethodAccessorImpl.java:57)
	at sun.reflect.DelegatingMethodAccessorImpl.invoke(DelegatingMethodAccessorImpl.java:43)
	at java.lang.reflect.Method.invoke(Method.java:616)
	at org.junit.runners.model.FrameworkMethod$1.runReflectiveCall(FrameworkMethod.java:44)
	at org.junit.internal.runners.model.ReflectiveCallable.run(ReflectiveCallable.java:15)
	at org.junit.runners.model.FrameworkMethod.invokeExplosively(FrameworkMethod.java:41)
	at org.junit.internal.runners.statements.RunBefores.evaluate(RunBefores.java:27)
	at org.junit.runners.BlockJUnit4ClassRunner.runNotIgnored(BlockJUnit4ClassRunner.java:79)
	at org.junit.runners.BlockJUnit4ClassRunner.runChild(BlockJUnit4ClassRunner.java:71)
	at org.junit.runners.BlockJUnit4ClassRunner.runChild(BlockJUnit4ClassRunner.java:49)
	at org.junit.runners.ParentRunner$3.run(ParentRunner.java:193)
	at org.junit.runners.ParentRunner$1.schedule(ParentRunner.java:52)
	at org.junit.runners.ParentRunner.runChildren(ParentRunner.java:191)
	at org.junit.runners.ParentRunner.access$000(ParentRunner.java:42)
	at org.junit.runners.ParentRunner$2.evaluate(ParentRunner.java:184)
	at org.junit.runners.ParentRunner.run(ParentRunner.java:236)
	at org.apache.maven.surefire.junit4.JUnit4TestSet.execute(JUnit4TestSet.java:59)
	at org.apache.maven.surefire.suite.AbstractDirectoryTestSuite.executeTestSet(AbstractDirectoryTestSuite.java:115)
	at org.apache.maven.surefire.suite.AbstractDirectoryTestSuite.execute(AbstractDirectoryTestSuite.java:140)
	at org.apache.maven.surefire.Surefire.run(Surefire.java:109)
	at sun.reflect.NativeMethodAccessorImpl.invoke0(Native Method)
	at sun.reflect.NativeMethodAccessorImpl.invoke(NativeMethodAccessorImpl.java:57)
	at sun.reflect.DelegatingMethodAccessorImpl.invoke(DelegatingMethodAccessorImpl.java:43)
	at java.lang.reflect.Method.invoke(Method.java:616)
	at org.apache.maven.surefire.booter.SurefireBooter.runSuitesInProcess(SurefireBooter.java:290)
	at org.apache.maven.surefire.booter.SurefireBooter.main(SurefireBooter.java:1017)
</error>
  </testcase>
</testsuite>