<?xml version="1.0" encoding="UTF-8" ?>
<testsuite failures="0" time="7.804" errors="0" skipped="0" tests="3" name="org.opennms.netmgt.poller.monitors.TcpMonitorTest">
  <properties>
    <property name="java.vendor" value="Sun Microsystems Inc."/>
    <property name="opennms.bin.dir" value="${install.bin.dir}"/>
    <property name="localRepository" value="/home/anonymous/.m2/repository"/>
    <property name="sun.java.launcher" value="SUN_STANDARD"/>
    <property name="sun.management.compiler" value="HotSpot Tiered Compilers"/>
    <property name="importer.adapter.dns.server" value="127.0.0.1"/>
    <property name="os.name" value="Linux"/>
    <property name="sun.boot.class.path" value="/usr/lib/jvm/java-6-openjdk-i386/jre/lib/resources.jar:/usr/lib/jvm/java-6-openjdk-i386/jre/lib/rt.jar:/usr/lib/jvm/java-6-openjdk-i386/jre/lib/sunrsasign.jar:/usr/lib/jvm/java-6-openjdk-i386/jre/lib/jsse.jar:/usr/lib/jvm/java-6-openjdk-i386/jre/lib/jce.jar:/usr/lib/jvm/java-6-openjdk-i386/jre/lib/charsets.jar:/usr/lib/jvm/java-6-openjdk-i386/jre/lib/netx.jar:/usr/lib/jvm/java-6-openjdk-i386/jre/lib/plugin.jar:/usr/lib/jvm/java-6-openjdk-i386/jre/lib/rhino.jar:/usr/lib/jvm/java-6-openjdk-i386/jre/lib/modules/jdk.boot.jar:/usr/lib/jvm/java-6-openjdk-i386/jre/classes"/>
    <property name="opennms.map-client.http-post.username" value="map"/>
    <property name="sun.desktop" value="gnome"/>
    <property name="org.opennms.rrd.storeByGroup" value="false"/>
    <property name="java.vm.specification.vendor" value="Sun Microsystems Inc."/>
    <property name="java.runtime.version" value="1.6.0_27-b27"/>
    <property name="org.opennms.snmp.workarounds.allow64BitIpAddress" value="true"/>
    <property name="gwt.geocoder.referer" value="http://localhost/"/>
    <property name="user.name" value="anonymous"/>
    <property name="mock.logLevel" value="WARN"/>
    <property name="gwt.openlayers.url" value="http://otile1.mqcdn.com/tiles/1.0.0/osm/${z}/${x}/${y}.png"/>
    <property name="gwt.geocoder.email" value=""/>
    <property name="mock.debug" value="false"/>
    <property name="org.snmp4j.smisyntaxes" value="opennms-snmp4j-smisyntaxes.properties"/>
    <property name="user.language" value="en"/>
    <property name="org.opennms.netmgt.icmp.pingerClass" value="org.opennms.netmgt.icmp.jna.JnaPinger"/>
    <property name="sun.boot.library.path" value="/usr/lib/jvm/java-6-openjdk-i386/jre/lib/i386"/>
    <property name="java.version" value="1.6.0_27"/>
    <property name="user.timezone" value="Asia/Kolkata"/>
    <property name="snmp4j.LogFactory" value="org.snmp4j.log.NoLogger"/>
    <property name="org.opennms.snmp.snmp4j.forwardRuntimeExceptions" value="false"/>
    <property name="sun.arch.data.model" value="32"/>
    <property name="java.endorsed.dirs" value="/usr/lib/jvm/java-6-openjdk-i386/jre/lib/endorsed"/>
    <property name="sun.cpu.isalist" value=""/>
    <property name="sun.jnu.encoding" value="UTF-8"/>
    <property name="file.encoding.pkg" value="sun.io"/>
    <property name="rrd.binary" value="/bin/true"/>
    <property name="file.separator" value="/"/>
    <property name="java.specification.name" value="Java Platform API Specification"/>
    <property name="java.class.version" value="50.0"/>
    <property name="user.country" value="IN"/>
    <property name="java.home" value="/usr/lib/jvm/java-6-openjdk-i386/jre"/>
    <property name="mock.db.driver" value="org.postgresql.Driver"/>
    <property name="smslib.serial.polling" value="true"/>
    <property name="java.vm.info" value="mixed mode"/>
    <property name="importer.requisition.dir" value="/home/anonymous/workspace/opennms-1.10.8-1/opennms-services/target/test/opennms-home/etc/imports"/>
    <property name="org.opennms.netmgt.jetty.port" value="8980"/>
    <property name="os.version" value="3.5.0-27-generic"/>
    <property name="mock.rundbtests" value="true"/>
    <property name="opennms.rtc-client.http-post.base-url" value="http://localhost:8980/opennms/rtc/post"/>
    <property name="opennms.ticketer.plugin" value="org.opennms.netmgt.ticketd.NullTicketerPlugin"/>
    <property name="path.separator" value=":"/>
    <property name="ksc.default.graphsPerLine" value="1"/>
    <property name="java.vm.version" value="20.0-b12"/>
    <property name="mock.db.url" value="jdbc:postgresql://localhost:5432/"/>
    <property name="gwt.maptype" value=""/>
    <property name="gwt.geocoder.rate" value="10"/>
    <property name="rrd.base.dir" value="/home/anonymous/workspace/opennms-1.10.8-1/opennms-services/target/test/opennms-home/share/rrd"/>
    <property name="install.rrdtool.bin" value="/usr/bin/rrdtool"/>
    <property name="java.awt.printerjob" value="sun.print.PSPrinterJob"/>
    <property name="opennms.webapplogs.dir" value="target/test/logs/webapp"/>
    <property name="sun.io.unicode.encoding" value="UnicodeLittle"/>
    <property name="opennms.rtc-client.http-post.password" value="rtc"/>
    <property name="user.home" value="/home/anonymous"/>
    <property name="opennms.rtc-client.http-post.username" value="rtc"/>
    <property name="opennms.report.dir" value="target/test/share/reports"/>
    <property name="java.specification.vendor" value="Sun Microsystems Inc."/>
    <property name="java.library.path" value="/usr/lib/jvm/java-6-openjdk-i386/jre/lib/i386/server:/usr/lib/jvm/java-6-openjdk-i386/jre/lib/i386:/usr/lib/jvm/java-6-openjdk-i386/jre/../lib/i386:/usr/java/packages/lib/i386:/usr/lib/i386-linux-gnu/jni:/lib/i386-linux-gnu:/usr/lib/i386-linux-gnu:/usr/lib/jni:/lib:/usr/lib"/>
    <property name="gwt.apikey" value=""/>
    <property name="java.vendor.url" value="http://java.sun.com/"/>
    <property name="java.vm.vendor" value="Sun Microsystems Inc."/>
    <property name="opennms.report.logo" value="${install.webapps.dir}/images/logo.gif"/>
    <property name="java.runtime.name" value="OpenJDK Runtime Environment"/>
    <property name="java.class.path" value="/tmp/surefirebooter8936322725419380090.jar"/>
    <property name="sun.java.command" value="/tmp/surefirebooter8936322725419380090.jar /tmp/surefire4942083374997348121tmp /tmp/surefire402909172533524740tmp"/>
    <property name="opennms.report.template.dir" value="${install.dir}/etc"/>
    <property name="java.vm.specification.name" value="Java Virtual Machine Specification"/>
    <property name="java.vm.specification.version" value="1.0"/>
    <property name="sun.os.patch.level" value="unknown"/>
    <property name="sun.cpu.endian" value="little"/>
    <property name="java.awt.headless" value="true"/>
    <property name="opennms.eventlist.acknowledge" value="false"/>
    <property name="java.io.tmpdir" value="/tmp"/>
    <property name="opennms.nodesWithOutagesCount" value="12"/>
    <property name="mock.leaveDatabase" value="false"/>
    <property name="java.vendor.url.bug" value="http://java.sun.com/cgi-bin/bugreport.cgi"/>
    <property name="mock.runSnmpTests" value="false"/>
    <property name="java.awt.graphicsenv" value="sun.awt.X11GraphicsEnvironment"/>
    <property name="os.arch" value="i386"/>
    <property name="java.ext.dirs" value="/usr/lib/jvm/java-6-openjdk-i386/jre/lib/ext:/usr/java/packages/lib/ext"/>
    <property name="user.dir" value="/home/anonymous/workspace/opennms-1.10.8-1/opennms-services"/>
    <property name="line.separator" value="
"/>
    <property name="opennms.home" value="/home/anonymous/workspace/opennms-1.10.8-1/opennms-base-assembly/src/main/filtered"/>
    <property name="java.vm.name" value="OpenJDK Server VM"/>
    <property name="basedir" value="/home/anonymous/workspace/opennms-1.10.8-1/opennms-services"/>
    <property name="distributed.layoutApplicationsVertically" value="false"/>
    <property name="runMailTests" value="true"/>
    <property name="gwt.geocoder.class" value="org.opennms.features.poller.remote.gwt.server.geocoding.NullGeocoder"/>
    <property name="file.encoding" value="UTF-8"/>
    <property name="opennms.map-client.http-post.password" value="map"/>
    <property name="importer.foreign-source.dir" value="/home/anonymous/workspace/opennms-1.10.8-1/opennms-services/target/test/opennms-home/etc/foreign-sources"/>
    <property name="mock.leaveDatabaseOnFailure" value="false"/>
    <property name="gwt.geocoder.minimumQuality" value="ZIP"/>
    <property name="gnu.io.SerialPorts" value="/dev/ttyACM0:/dev/ttyACM1:/dev/ttyACM2:/dev/ttyACM3:/dev/ttyACM4:/dev/ttyACM5"/>
    <property name="mock.snmpHost" value="localhost"/>
    <property name="org.opennms.jasperReportsVersion" value="3.7.6"/>
    <property name="java.specification.version" value="1.6"/>
    <property name="opennms.eventlist.showCount" value="false"/>
    <property name="mock.db.adminUser" value="postgres"/>
    <property name="opennms.map-client.http-post.url" value="http://localhost:8980/opennms/map/post"/>
  </properties>
  <testcase time="6.956" classname="org.opennms.netmgt.poller.monitors.TcpMonitorTest" name="testExternalServerConnection"/>
  <testcase time="0.34" classname="org.opennms.netmgt.poller.monitors.TcpMonitorTest" name="testLocalhostConnection"/>
  <testcase time="0.096" classname="org.opennms.netmgt.poller.monitors.TcpMonitorTest" name="testLocalhostIPv6Connection"/>
</testsuite>