<?xml version="1.0" encoding="UTF-8" ?>
<testsuite failures="1" time="6.546" errors="0" skipped="1" tests="21" name="org.opennms.netmgt.poller.monitors.HttpMonitorTest">
  <properties>
    <property name="java.vendor" value="Sun Microsystems Inc."/>
    <property name="opennms.bin.dir" value="${install.bin.dir}"/>
    <property name="localRepository" value="/home/anonymous/.m2/repository"/>
    <property name="sun.java.launcher" value="SUN_STANDARD"/>
    <property name="sun.management.compiler" value="HotSpot Tiered Compilers"/>
    <property name="importer.adapter.dns.server" value="127.0.0.1"/>
    <property name="os.name" value="Linux"/>
    <property name="sun.boot.class.path" value="/usr/lib/jvm/java-6-openjdk-i386/jre/lib/resources.jar:/usr/lib/jvm/java-6-openjdk-i386/jre/lib/rt.jar:/usr/lib/jvm/java-6-openjdk-i386/jre/lib/sunrsasign.jar:/usr/lib/jvm/java-6-openjdk-i386/jre/lib/jsse.jar:/usr/lib/jvm/java-6-openjdk-i386/jre/lib/jce.jar:/usr/lib/jvm/java-6-openjdk-i386/jre/lib/charsets.jar:/usr/lib/jvm/java-6-openjdk-i386/jre/lib/netx.jar:/usr/lib/jvm/java-6-openjdk-i386/jre/lib/plugin.jar:/usr/lib/jvm/java-6-openjdk-i386/jre/lib/rhino.jar:/usr/lib/jvm/java-6-openjdk-i386/jre/lib/modules/jdk.boot.jar:/usr/lib/jvm/java-6-openjdk-i386/jre/classes"/>
    <property name="opennms.map-client.http-post.username" value="map"/>
    <property name="sun.desktop" value="gnome"/>
    <property name="org.opennms.rrd.storeByGroup" value="false"/>
    <property name="java.vm.specification.vendor" value="Sun Microsystems Inc."/>
    <property name="java.runtime.version" value="1.6.0_27-b27"/>
    <property name="org.opennms.snmp.workarounds.allow64BitIpAddress" value="true"/>
    <property name="gwt.geocoder.referer" value="http://localhost/"/>
    <property name="user.name" value="anonymous"/>
    <property name="mock.logLevel" value="WARN"/>
    <property name="gwt.openlayers.url" value="http://otile1.mqcdn.com/tiles/1.0.0/osm/${z}/${x}/${y}.png"/>
    <property name="gwt.geocoder.email" value=""/>
    <property name="mock.debug" value="false"/>
    <property name="org.snmp4j.smisyntaxes" value="opennms-snmp4j-smisyntaxes.properties"/>
    <property name="user.language" value="en"/>
    <property name="org.opennms.netmgt.icmp.pingerClass" value="org.opennms.netmgt.icmp.jna.JnaPinger"/>
    <property name="sun.boot.library.path" value="/usr/lib/jvm/java-6-openjdk-i386/jre/lib/i386"/>
    <property name="java.version" value="1.6.0_27"/>
    <property name="user.timezone" value="Asia/Kolkata"/>
    <property name="snmp4j.LogFactory" value="org.snmp4j.log.NoLogger"/>
    <property name="org.opennms.snmp.snmp4j.forwardRuntimeExceptions" value="false"/>
    <property name="sun.arch.data.model" value="32"/>
    <property name="java.endorsed.dirs" value="/usr/lib/jvm/java-6-openjdk-i386/jre/lib/endorsed"/>
    <property name="sun.cpu.isalist" value=""/>
    <property name="sun.jnu.encoding" value="UTF-8"/>
    <property name="file.encoding.pkg" value="sun.io"/>
    <property name="rrd.binary" value="/bin/true"/>
    <property name="file.separator" value="/"/>
    <property name="java.specification.name" value="Java Platform API Specification"/>
    <property name="java.class.version" value="50.0"/>
    <property name="user.country" value="IN"/>
    <property name="java.home" value="/usr/lib/jvm/java-6-openjdk-i386/jre"/>
    <property name="mock.db.driver" value="org.postgresql.Driver"/>
    <property name="smslib.serial.polling" value="true"/>
    <property name="java.vm.info" value="mixed mode"/>
    <property name="importer.requisition.dir" value="/home/anonymous/workspace/opennms-1.10.8-1/opennms-services/target/test/opennms-home/etc/imports"/>
    <property name="org.opennms.netmgt.jetty.port" value="8980"/>
    <property name="os.version" value="3.5.0-27-generic"/>
    <property name="mock.rundbtests" value="true"/>
    <property name="opennms.rtc-client.http-post.base-url" value="http://localhost:8980/opennms/rtc/post"/>
    <property name="opennms.ticketer.plugin" value="org.opennms.netmgt.ticketd.NullTicketerPlugin"/>
    <property name="path.separator" value=":"/>
    <property name="ksc.default.graphsPerLine" value="1"/>
    <property name="java.vm.version" value="20.0-b12"/>
    <property name="mock.db.url" value="jdbc:postgresql://localhost:5432/"/>
    <property name="gwt.maptype" value=""/>
    <property name="gwt.geocoder.rate" value="10"/>
    <property name="rrd.base.dir" value="/home/anonymous/workspace/opennms-1.10.8-1/opennms-services/target/test/opennms-home/share/rrd"/>
    <property name="install.rrdtool.bin" value="/usr/bin/rrdtool"/>
    <property name="java.awt.printerjob" value="sun.print.PSPrinterJob"/>
    <property name="opennms.webapplogs.dir" value="target/test/logs/webapp"/>
    <property name="sun.io.unicode.encoding" value="UnicodeLittle"/>
    <property name="opennms.rtc-client.http-post.password" value="rtc"/>
    <property name="user.home" value="/home/anonymous"/>
    <property name="opennms.rtc-client.http-post.username" value="rtc"/>
    <property name="opennms.report.dir" value="target/test/share/reports"/>
    <property name="java.specification.vendor" value="Sun Microsystems Inc."/>
    <property name="java.library.path" value="/usr/lib/jvm/java-6-openjdk-i386/jre/lib/i386/server:/usr/lib/jvm/java-6-openjdk-i386/jre/lib/i386:/usr/lib/jvm/java-6-openjdk-i386/jre/../lib/i386:/usr/java/packages/lib/i386:/usr/lib/i386-linux-gnu/jni:/lib/i386-linux-gnu:/usr/lib/i386-linux-gnu:/usr/lib/jni:/lib:/usr/lib"/>
    <property name="gwt.apikey" value=""/>
    <property name="java.vendor.url" value="http://java.sun.com/"/>
    <property name="java.vm.vendor" value="Sun Microsystems Inc."/>
    <property name="opennms.report.logo" value="${install.webapps.dir}/images/logo.gif"/>
    <property name="java.runtime.name" value="OpenJDK Runtime Environment"/>
    <property name="java.class.path" value="/tmp/surefirebooter8695553349087269958.jar"/>
    <property name="sun.java.command" value="/tmp/surefirebooter8695553349087269958.jar /tmp/surefire5719931390878451551tmp /tmp/surefire7913461223875269201tmp"/>
    <property name="opennms.report.template.dir" value="${install.dir}/etc"/>
    <property name="java.vm.specification.name" value="Java Virtual Machine Specification"/>
    <property name="java.vm.specification.version" value="1.0"/>
    <property name="sun.os.patch.level" value="unknown"/>
    <property name="sun.cpu.endian" value="little"/>
    <property name="java.awt.headless" value="true"/>
    <property name="opennms.eventlist.acknowledge" value="false"/>
    <property name="java.io.tmpdir" value="/tmp"/>
    <property name="opennms.nodesWithOutagesCount" value="12"/>
    <property name="mock.leaveDatabase" value="false"/>
    <property name="java.vendor.url.bug" value="http://java.sun.com/cgi-bin/bugreport.cgi"/>
    <property name="mock.runSnmpTests" value="false"/>
    <property name="java.awt.graphicsenv" value="sun.awt.X11GraphicsEnvironment"/>
    <property name="os.arch" value="i386"/>
    <property name="java.ext.dirs" value="/usr/lib/jvm/java-6-openjdk-i386/jre/lib/ext:/usr/java/packages/lib/ext"/>
    <property name="user.dir" value="/home/anonymous/workspace/opennms-1.10.8-1/opennms-services"/>
    <property name="line.separator" value="
"/>
    <property name="opennms.home" value="/home/anonymous/workspace/opennms-1.10.8-1/opennms-base-assembly/src/main/filtered"/>
    <property name="java.vm.name" value="OpenJDK Server VM"/>
    <property name="basedir" value="/home/anonymous/workspace/opennms-1.10.8-1/opennms-services"/>
    <property name="distributed.layoutApplicationsVertically" value="false"/>
    <property name="runMailTests" value="true"/>
    <property name="gwt.geocoder.class" value="org.opennms.features.poller.remote.gwt.server.geocoding.NullGeocoder"/>
    <property name="file.encoding" value="UTF-8"/>
    <property name="opennms.map-client.http-post.password" value="map"/>
    <property name="importer.foreign-source.dir" value="/home/anonymous/workspace/opennms-1.10.8-1/opennms-services/target/test/opennms-home/etc/foreign-sources"/>
    <property name="mock.leaveDatabaseOnFailure" value="false"/>
    <property name="gwt.geocoder.minimumQuality" value="ZIP"/>
    <property name="gnu.io.SerialPorts" value="/dev/ttyACM0:/dev/ttyACM1:/dev/ttyACM2:/dev/ttyACM3:/dev/ttyACM4:/dev/ttyACM5"/>
    <property name="mock.snmpHost" value="localhost"/>
    <property name="org.opennms.jasperReportsVersion" value="3.7.6"/>
    <property name="java.specification.version" value="1.6"/>
    <property name="opennms.eventlist.showCount" value="false"/>
    <property name="mock.db.adminUser" value="postgres"/>
    <property name="opennms.map-client.http-post.url" value="http://localhost:8980/opennms/map/post"/>
  </properties>
  <testcase time="2.615" classname="org.opennms.netmgt.poller.monitors.HttpMonitorTest" name="testPollStatusReason"/>
  <testcase time="0.501" classname="org.opennms.netmgt.poller.monitors.HttpMonitorTest" name="testResponseRange"/>
  <testcase time="0.112" classname="org.opennms.netmgt.poller.monitors.HttpMonitorTest" name="testResponseRangeIPv6"/>
  <testcase time="0.113" classname="org.opennms.netmgt.poller.monitors.HttpMonitorTest" name="testTimeout">
    <skipped/>
  </testcase>
  <testcase time="0.014" classname="org.opennms.netmgt.poller.monitors.HttpMonitorTest" name="testTimeoutIPv6">
    <failure message="" type="java.lang.AssertionError">java.lang.AssertionError: 
	at org.junit.Assert.fail(Assert.java:91)
	at org.junit.Assert.assertTrue(Assert.java:43)
	at org.junit.Assert.assertTrue(Assert.java:54)
	at org.opennms.netmgt.poller.monitors.HttpMonitorTest.callTestTimeout(HttpMonitorTest.java:237)
	at org.opennms.netmgt.poller.monitors.HttpMonitorTest.testTimeoutIPv6(HttpMonitorTest.java:204)
	at sun.reflect.NativeMethodAccessorImpl.invoke0(Native Method)
	at sun.reflect.NativeMethodAccessorImpl.invoke(NativeMethodAccessorImpl.java:57)
	at sun.reflect.DelegatingMethodAccessorImpl.invoke(DelegatingMethodAccessorImpl.java:43)
	at java.lang.reflect.Method.invoke(Method.java:616)
	at org.junit.runners.model.FrameworkMethod$1.runReflectiveCall(FrameworkMethod.java:44)
	at org.junit.internal.runners.model.ReflectiveCallable.run(ReflectiveCallable.java:15)
	at org.junit.runners.model.FrameworkMethod.invokeExplosively(FrameworkMethod.java:41)
	at org.junit.internal.runners.statements.InvokeMethod.evaluate(InvokeMethod.java:20)
	at org.junit.internal.runners.statements.RunBefores.evaluate(RunBefores.java:28)
	at org.springframework.test.context.junit4.statements.RunBeforeTestMethodCallbacks.evaluate(RunBeforeTestMethodCallbacks.java:74)
	at org.springframework.test.context.junit4.statements.RunAfterTestMethodCallbacks.evaluate(RunAfterTestMethodCallbacks.java:82)
	at org.springframework.test.context.junit4.statements.SpringRepeat.evaluate(SpringRepeat.java:72)
	at org.springframework.test.context.junit4.SpringJUnit4ClassRunner.runChild(SpringJUnit4ClassRunner.java:240)
	at org.opennms.core.test.OpenNMSJUnit4ClassRunner.runChild(OpenNMSJUnit4ClassRunner.java:47)
	at org.junit.runners.ParentRunner$3.run(ParentRunner.java:193)
	at org.junit.runners.ParentRunner$1.schedule(ParentRunner.java:52)
	at org.junit.runners.ParentRunner.runChildren(ParentRunner.java:191)
	at org.junit.runners.ParentRunner.access$000(ParentRunner.java:42)
	at org.junit.runners.ParentRunner$2.evaluate(ParentRunner.java:184)
	at org.springframework.test.context.junit4.statements.RunBeforeTestClassCallbacks.evaluate(RunBeforeTestClassCallbacks.java:61)
	at org.springframework.test.context.junit4.statements.RunAfterTestClassCallbacks.evaluate(RunAfterTestClassCallbacks.java:70)
	at org.junit.runners.ParentRunner.run(ParentRunner.java:236)
	at org.springframework.test.context.junit4.SpringJUnit4ClassRunner.run(SpringJUnit4ClassRunner.java:180)
	at org.apache.maven.surefire.junit4.JUnit4TestSet.execute(JUnit4TestSet.java:59)
	at org.apache.maven.surefire.suite.AbstractDirectoryTestSuite.executeTestSet(AbstractDirectoryTestSuite.java:115)
	at org.apache.maven.surefire.suite.AbstractDirectoryTestSuite.execute(AbstractDirectoryTestSuite.java:140)
	at org.apache.maven.surefire.Surefire.run(Surefire.java:109)
	at sun.reflect.NativeMethodAccessorImpl.invoke0(Native Method)
	at sun.reflect.NativeMethodAccessorImpl.invoke(NativeMethodAccessorImpl.java:57)
	at sun.reflect.DelegatingMethodAccessorImpl.invoke(DelegatingMethodAccessorImpl.java:43)
	at java.lang.reflect.Method.invoke(Method.java:616)
	at org.apache.maven.surefire.booter.SurefireBooter.runSuitesInProcess(SurefireBooter.java:290)
	at org.apache.maven.surefire.booter.SurefireBooter.main(SurefireBooter.java:1017)
</failure>
    <system-out>2013-04-21 16:57:30,361 WARN  [main] org.opennms.netmgt.poller.monitors.HttpMonitor: checkStatus: No route to host exception for address /fd25:28a0:ba2f:6b78:0:0:0:1
java.net.NoRouteToHostException: Network is unreachable
	at java.net.PlainSocketImpl.socketConnect(Native Method)
	at java.net.AbstractPlainSocketImpl.doConnect(AbstractPlainSocketImpl.java:327)
	at java.net.AbstractPlainSocketImpl.connectToAddress(AbstractPlainSocketImpl.java:193)
	at java.net.AbstractPlainSocketImpl.connect(AbstractPlainSocketImpl.java:180)
	at java.net.SocksSocketImpl.connect(SocksSocketImpl.java:384)
	at java.net.Socket.connect(Socket.java:546)
	at org.opennms.netmgt.poller.monitors.HttpMonitor$HttpMonitorClient.connect(HttpMonitor.java:420)
	at org.opennms.netmgt.poller.monitors.HttpMonitor$HttpMonitorClient.access$000(HttpMonitor.java:298)
	at org.opennms.netmgt.poller.monitors.HttpMonitor.poll(HttpMonitor.java:148)
	at org.opennms.netmgt.poller.monitors.HttpMonitorTest.callTestTimeout(HttpMonitorTest.java:233)
	at org.opennms.netmgt.poller.monitors.HttpMonitorTest.testTimeoutIPv6(HttpMonitorTest.java:204)
	at sun.reflect.NativeMethodAccessorImpl.invoke0(Native Method)
	at sun.reflect.NativeMethodAccessorImpl.invoke(NativeMethodAccessorImpl.java:57)
	at sun.reflect.DelegatingMethodAccessorImpl.invoke(DelegatingMethodAccessorImpl.java:43)
	at java.lang.reflect.Method.invoke(Method.java:616)
	at org.junit.runners.model.FrameworkMethod$1.runReflectiveCall(FrameworkMethod.java:44)
	at org.junit.internal.runners.model.ReflectiveCallable.run(ReflectiveCallable.java:15)
	at org.junit.runners.model.FrameworkMethod.invokeExplosively(FrameworkMethod.java:41)
	at org.junit.internal.runners.statements.InvokeMethod.evaluate(InvokeMethod.java:20)
	at org.junit.internal.runners.statements.RunBefores.evaluate(RunBefores.java:28)
	at org.springframework.test.context.junit4.statements.RunBeforeTestMethodCallbacks.evaluate(RunBeforeTestMethodCallbacks.java:74)
	at org.springframework.test.context.junit4.statements.RunAfterTestMethodCallbacks.evaluate(RunAfterTestMethodCallbacks.java:82)
	at org.springframework.test.context.junit4.statements.SpringRepeat.evaluate(SpringRepeat.java:72)
	at org.springframework.test.context.junit4.SpringJUnit4ClassRunner.runChild(SpringJUnit4ClassRunner.java:240)
	at org.opennms.core.test.OpenNMSJUnit4ClassRunner.runChild(OpenNMSJUnit4ClassRunner.java:47)
	at org.junit.runners.ParentRunner$3.run(ParentRunner.java:193)
	at org.junit.runners.ParentRunner$1.schedule(ParentRunner.java:52)
	at org.junit.runners.ParentRunner.runChildren(ParentRunner.java:191)
	at org.junit.runners.ParentRunner.access$000(ParentRunner.java:42)
	at org.junit.runners.ParentRunner$2.evaluate(ParentRunner.java:184)
	at org.springframework.test.context.junit4.statements.RunBeforeTestClassCallbacks.evaluate(RunBeforeTestClassCallbacks.java:61)
	at org.springframework.test.context.junit4.statements.RunAfterTestClassCallbacks.evaluate(RunAfterTestClassCallbacks.java:70)
	at org.junit.runners.ParentRunner.run(ParentRunner.java:236)
	at org.springframework.test.context.junit4.SpringJUnit4ClassRunner.run(SpringJUnit4ClassRunner.java:180)
	at org.apache.maven.surefire.junit4.JUnit4TestSet.execute(JUnit4TestSet.java:59)
	at org.apache.maven.surefire.suite.AbstractDirectoryTestSuite.executeTestSet(AbstractDirectoryTestSuite.java:115)
	at org.apache.maven.surefire.suite.AbstractDirectoryTestSuite.execute(AbstractDirectoryTestSuite.java:140)
	at org.apache.maven.surefire.Surefire.run(Surefire.java:109)
	at sun.reflect.NativeMethodAccessorImpl.invoke0(Native Method)
	at sun.reflect.NativeMethodAccessorImpl.invoke(NativeMethodAccessorImpl.java:57)
	at sun.reflect.DelegatingMethodAccessorImpl.invoke(DelegatingMethodAccessorImpl.java:43)
	at java.lang.reflect.Method.invoke(Method.java:616)
	at org.apache.maven.surefire.booter.SurefireBooter.runSuitesInProcess(SurefireBooter.java:290)
	at org.apache.maven.surefire.booter.SurefireBooter.main(SurefireBooter.java:1017)
2013-04-21 16:57:30,363 WARN  [main] org.opennms.netmgt.poller.monitors.HttpMonitor: checkStatus: No route to host exception for address /fd25:28a0:ba2f:6b78:0:0:0:1
java.net.NoRouteToHostException: Network is unreachable
	at java.net.PlainSocketImpl.socketConnect(Native Method)
	at java.net.AbstractPlainSocketImpl.doConnect(AbstractPlainSocketImpl.java:327)
	at java.net.AbstractPlainSocketImpl.connectToAddress(AbstractPlainSocketImpl.java:193)
	at java.net.AbstractPlainSocketImpl.connect(AbstractPlainSocketImpl.java:180)
	at java.net.SocksSocketImpl.connect(SocksSocketImpl.java:384)
	at java.net.Socket.connect(Socket.java:546)
	at org.opennms.netmgt.poller.monitors.HttpMonitor$HttpMonitorClient.connect(HttpMonitor.java:420)
	at org.opennms.netmgt.poller.monitors.HttpMonitor$HttpMonitorClient.access$000(HttpMonitor.java:298)
	at org.opennms.netmgt.poller.monitors.HttpMonitor.poll(HttpMonitor.java:148)
	at org.opennms.netmgt.poller.monitors.HttpMonitorTest.callTestTimeout(HttpMonitorTest.java:233)
	at org.opennms.netmgt.poller.monitors.HttpMonitorTest.testTimeoutIPv6(HttpMonitorTest.java:204)
	at sun.reflect.NativeMethodAccessorImpl.invoke0(Native Method)
	at sun.reflect.NativeMethodAccessorImpl.invoke(NativeMethodAccessorImpl.java:57)
	at sun.reflect.DelegatingMethodAccessorImpl.invoke(DelegatingMethodAccessorImpl.java:43)
	at java.lang.reflect.Method.invoke(Method.java:616)
	at org.junit.runners.model.FrameworkMethod$1.runReflectiveCall(FrameworkMethod.java:44)
	at org.junit.internal.runners.model.ReflectiveCallable.run(ReflectiveCallable.java:15)
	at org.junit.runners.model.FrameworkMethod.invokeExplosively(FrameworkMethod.java:41)
	at org.junit.internal.runners.statements.InvokeMethod.evaluate(InvokeMethod.java:20)
	at org.junit.internal.runners.statements.RunBefores.evaluate(RunBefores.java:28)
	at org.springframework.test.context.junit4.statements.RunBeforeTestMethodCallbacks.evaluate(RunBeforeTestMethodCallbacks.java:74)
	at org.springframework.test.context.junit4.statements.RunAfterTestMethodCallbacks.evaluate(RunAfterTestMethodCallbacks.java:82)
	at org.springframework.test.context.junit4.statements.SpringRepeat.evaluate(SpringRepeat.java:72)
	at org.springframework.test.context.junit4.SpringJUnit4ClassRunner.runChild(SpringJUnit4ClassRunner.java:240)
	at org.opennms.core.test.OpenNMSJUnit4ClassRunner.runChild(OpenNMSJUnit4ClassRunner.java:47)
	at org.junit.runners.ParentRunner$3.run(ParentRunner.java:193)
	at org.junit.runners.ParentRunner$1.schedule(ParentRunner.java:52)
	at org.junit.runners.ParentRunner.runChildren(ParentRunner.java:191)
	at org.junit.runners.ParentRunner.access$000(ParentRunner.java:42)
	at org.junit.runners.ParentRunner$2.evaluate(ParentRunner.java:184)
	at org.springframework.test.context.junit4.statements.RunBeforeTestClassCallbacks.evaluate(RunBeforeTestClassCallbacks.java:61)
	at org.springframework.test.context.junit4.statements.RunAfterTestClassCallbacks.evaluate(RunAfterTestClassCallbacks.java:70)
	at org.junit.runners.ParentRunner.run(ParentRunner.java:236)
	at org.springframework.test.context.junit4.SpringJUnit4ClassRunner.run(SpringJUnit4ClassRunner.java:180)
	at org.apache.maven.surefire.junit4.JUnit4TestSet.execute(JUnit4TestSet.java:59)
	at org.apache.maven.surefire.suite.AbstractDirectoryTestSuite.executeTestSet(AbstractDirectoryTestSuite.java:115)
	at org.apache.maven.surefire.suite.AbstractDirectoryTestSuite.execute(AbstractDirectoryTestSuite.java:140)
	at org.apache.maven.surefire.Surefire.run(Surefire.java:109)
	at sun.reflect.NativeMethodAccessorImpl.invoke0(Native Method)
	at sun.reflect.NativeMethodAccessorImpl.invoke(NativeMethodAccessorImpl.java:57)
	at sun.reflect.DelegatingMethodAccessorImpl.invoke(DelegatingMethodAccessorImpl.java:43)
	at java.lang.reflect.Method.invoke(Method.java:616)
	at org.apache.maven.surefire.booter.SurefireBooter.runSuitesInProcess(SurefireBooter.java:290)
	at org.apache.maven.surefire.booter.SurefireBooter.main(SurefireBooter.java:1017)
</system-out>
    <system-err>TemporaryDatabaseExecutionListener.prepareTestInstance([TestContext@19bb25a testClass = HttpMonitorTest, locations = array&lt;String&gt;[&apos;classpath:/META-INF/opennms/emptyContext.xml&apos;], testInstance = org.opennms.netmgt.poller.monitors.HttpMonitorTest@1185844, testMethod = [null], testException = [null]])
TemporaryDatabaseExecutionListener.beforeTestMethod([TestContext@19bb25a testClass = HttpMonitorTest, locations = array&lt;String&gt;[&apos;classpath:/META-INF/opennms/emptyContext.xml&apos;], testInstance = org.opennms.netmgt.poller.monitors.HttpMonitorTest@1185844, testMethod = testTimeoutIPv6@HttpMonitorTest, testException = [null]])
TemporaryDatabaseExecutionListener.afterTestMethod([TestContext@19bb25a testClass = HttpMonitorTest, locations = array&lt;String&gt;[&apos;classpath:/META-INF/opennms/emptyContext.xml&apos;], testInstance = org.opennms.netmgt.poller.monitors.HttpMonitorTest@1185844, testMethod = testTimeoutIPv6@HttpMonitorTest, testException = java.lang.AssertionError: ])
</system-err>
  </testcase>
  <testcase time="0.098" classname="org.opennms.netmgt.poller.monitors.HttpMonitorTest" name="testMatchingTextInResponse"/>
  <testcase time="0.092" classname="org.opennms.netmgt.poller.monitors.HttpMonitorTest" name="testMatchingTextInResponseIPv6"/>
  <testcase time="0.006" classname="org.opennms.netmgt.poller.monitors.HttpMonitorTest" name="testBase64Encoding"/>
  <testcase time="0.204" classname="org.opennms.netmgt.poller.monitors.HttpMonitorTest" name="testBasicAuthentication"/>
  <testcase time="0.082" classname="org.opennms.netmgt.poller.monitors.HttpMonitorTest" name="testBasicAuthenticationIPv6"/>
  <testcase time="1.306" classname="org.opennms.netmgt.poller.monitors.HttpMonitorTest" name="testBasicAuthenticationWithHttps"/>
  <testcase time="0.253" classname="org.opennms.netmgt.poller.monitors.HttpMonitorTest" name="testBasicAuthenticationWithHttpsIPv6"/>
  <testcase time="0.089" classname="org.opennms.netmgt.poller.monitors.HttpMonitorTest" name="testWithUrl"/>
  <testcase time="0.081" classname="org.opennms.netmgt.poller.monitors.HttpMonitorTest" name="testWithUrlIPv6"/>
  <testcase time="0.088" classname="org.opennms.netmgt.poller.monitors.HttpMonitorTest" name="testWithInvalidNodelabelHostName"/>
  <testcase time="0.083" classname="org.opennms.netmgt.poller.monitors.HttpMonitorTest" name="testWithInvalidNodelabelHostNameIPv6"/>
  <testcase time="0.108" classname="org.opennms.netmgt.poller.monitors.HttpMonitorTest" name="testPollInInvalidVirtualDomain"/>
  <testcase time="0.08" classname="org.opennms.netmgt.poller.monitors.HttpMonitorTest" name="testPollInInvalidVirtualDomainIPv6"/>
  <testcase time="0.079" classname="org.opennms.netmgt.poller.monitors.HttpMonitorTest" name="testPollValidVirtualDomain"/>
  <testcase time="0.078" classname="org.opennms.netmgt.poller.monitors.HttpMonitorTest" name="testPollValidVirtualDomainIPv6"/>
  <testcase time="0.097" classname="org.opennms.netmgt.poller.monitors.HttpMonitorTest" name="testNMS2702"/>
</testsuite>