<?xml version="1.0" encoding="UTF-8" ?>
<testsuite failures="0" time="0.476" errors="0" skipped="0" tests="4" name="org.opennms.netmgt.poller.remote.PollerTest">
  <properties>
    <property name="mock.db.driver" value="org.postgresql.Driver"/>
    <property name="mock.rundbtests" value="true"/>
    <property name="java.runtime.name" value="OpenJDK Runtime Environment"/>
    <property name="mock.logLevel" value="WARN"/>
    <property name="sun.boot.library.path" value="/usr/lib/jvm/java-6-openjdk-i386/jre/lib/i386"/>
    <property name="java.vm.version" value="20.0-b12"/>
    <property name="mock.snmpHost" value="localhost"/>
    <property name="mock.db.url" value="jdbc:postgresql://localhost:5432/"/>
    <property name="java.vm.vendor" value="Sun Microsystems Inc."/>
    <property name="java.vendor.url" value="http://java.sun.com/"/>
    <property name="path.separator" value=":"/>
    <property name="mock.debug" value="false"/>
    <property name="java.vm.name" value="OpenJDK Server VM"/>
    <property name="file.encoding.pkg" value="sun.io"/>
    <property name="user.country" value="IN"/>
    <property name="sun.java.launcher" value="SUN_STANDARD"/>
    <property name="sun.os.patch.level" value="unknown"/>
    <property name="java.vm.specification.name" value="Java Virtual Machine Specification"/>
    <property name="user.dir" value="/home/anonymous/workspace/opennms-1.10.8-1/opennms-services"/>
    <property name="java.runtime.version" value="1.6.0_27-b27"/>
    <property name="java.awt.graphicsenv" value="sun.awt.X11GraphicsEnvironment"/>
    <property name="basedir" value="/home/anonymous/workspace/opennms-1.10.8-1/opennms-services"/>
    <property name="java.endorsed.dirs" value="/usr/lib/jvm/java-6-openjdk-i386/jre/lib/endorsed"/>
    <property name="os.arch" value="i386"/>
    <property name="java.io.tmpdir" value="/tmp"/>
    <property name="line.separator" value="
"/>
    <property name="java.vm.specification.vendor" value="Sun Microsystems Inc."/>
    <property name="os.name" value="Linux"/>
    <property name="sun.jnu.encoding" value="UTF-8"/>
    <property name="opennms.home" value="/home/anonymous/workspace/opennms-1.10.8-1/opennms-services/target/test-classes"/>
    <property name="java.library.path" value="/usr/lib/jvm/java-6-openjdk-i386/jre/lib/i386/server:/usr/lib/jvm/java-6-openjdk-i386/jre/lib/i386:/usr/lib/jvm/java-6-openjdk-i386/jre/../lib/i386:/usr/java/packages/lib/i386:/usr/lib/i386-linux-gnu/jni:/lib/i386-linux-gnu:/usr/lib/i386-linux-gnu:/usr/lib/jni:/lib:/usr/lib"/>
    <property name="java.specification.name" value="Java Platform API Specification"/>
    <property name="java.class.version" value="50.0"/>
    <property name="sun.management.compiler" value="HotSpot Tiered Compilers"/>
    <property name="os.version" value="3.5.0-27-generic"/>
    <property name="user.home" value="/home/anonymous"/>
    <property name="user.timezone" value="Asia/Kolkata"/>
    <property name="java.awt.printerjob" value="sun.print.PSPrinterJob"/>
    <property name="java.specification.version" value="1.6"/>
    <property name="file.encoding" value="UTF-8"/>
    <property name="mock.db.adminUser" value="postgres"/>
    <property name="user.name" value="anonymous"/>
    <property name="java.class.path" value="/tmp/surefirebooter6635618269852057749.jar"/>
    <property name="mock.leaveDatabase" value="false"/>
    <property name="java.vm.specification.version" value="1.0"/>
    <property name="sun.arch.data.model" value="32"/>
    <property name="java.home" value="/usr/lib/jvm/java-6-openjdk-i386/jre"/>
    <property name="sun.java.command" value="/tmp/surefirebooter6635618269852057749.jar /tmp/surefire3425558539081108577tmp /tmp/surefire1312976197081266889tmp"/>
    <property name="install.rrdtool.bin" value="/usr/bin/rrdtool"/>
    <property name="java.specification.vendor" value="Sun Microsystems Inc."/>
    <property name="user.language" value="en"/>
    <property name="java.vm.info" value="mixed mode"/>
    <property name="java.version" value="1.6.0_27"/>
    <property name="java.ext.dirs" value="/usr/lib/jvm/java-6-openjdk-i386/jre/lib/ext:/usr/java/packages/lib/ext"/>
    <property name="sun.boot.class.path" value="/usr/lib/jvm/java-6-openjdk-i386/jre/lib/resources.jar:/usr/lib/jvm/java-6-openjdk-i386/jre/lib/rt.jar:/usr/lib/jvm/java-6-openjdk-i386/jre/lib/sunrsasign.jar:/usr/lib/jvm/java-6-openjdk-i386/jre/lib/jsse.jar:/usr/lib/jvm/java-6-openjdk-i386/jre/lib/jce.jar:/usr/lib/jvm/java-6-openjdk-i386/jre/lib/charsets.jar:/usr/lib/jvm/java-6-openjdk-i386/jre/lib/netx.jar:/usr/lib/jvm/java-6-openjdk-i386/jre/lib/plugin.jar:/usr/lib/jvm/java-6-openjdk-i386/jre/lib/rhino.jar:/usr/lib/jvm/java-6-openjdk-i386/jre/lib/modules/jdk.boot.jar:/usr/lib/jvm/java-6-openjdk-i386/jre/classes"/>
    <property name="java.vendor" value="Sun Microsystems Inc."/>
    <property name="java.awt.headless" value="true"/>
    <property name="runMailTests" value="true"/>
    <property name="localRepository" value="/home/anonymous/.m2/repository"/>
    <property name="file.separator" value="/"/>
    <property name="java.vendor.url.bug" value="http://java.sun.com/cgi-bin/bugreport.cgi"/>
    <property name="sun.cpu.endian" value="little"/>
    <property name="sun.io.unicode.encoding" value="UnicodeLittle"/>
    <property name="mock.runSnmpTests" value="false"/>
    <property name="mock.leaveDatabaseOnFailure" value="false"/>
    <property name="sun.desktop" value="gnome"/>
    <property name="sun.cpu.isalist" value=""/>
  </properties>
  <testcase time="0.35" classname="org.opennms.netmgt.poller.remote.PollerTest" name="testSchedule"/>
  <testcase time="0.002" classname="org.opennms.netmgt.poller.remote.PollerTest" name="testReschedule"/>
  <testcase time="0.006" classname="org.opennms.netmgt.poller.remote.PollerTest" name="testIPv6Schedule"/>
  <testcase time="0.005" classname="org.opennms.netmgt.poller.remote.PollerTest" name="testIPv6Reschedule"/>
</testsuite>